<?xml version="1.0" encoding="UTF-8"?>
<!-- Generated by org.testng.reporters.JUnitXMLReporter -->
<testsuite hostname="BDC11-L-90ZDX33" ignored="0" name="PracticeProjectJan Test(failed)" tests="1" failures="1" timestamp="2022-01-29T15:36:43 IST" time="20.648" errors="0">
  <testcase name="test_login" time="16.062" classname="testCases.TC_002_Login">
    <failure type="java.lang.AssertionError">
      <![CDATA[java.lang.AssertionError
at org.junit.Assert.fail(Assert.java:86)
at org.junit.Assert.assertTrue(Assert.java:41)
at org.junit.Assert.assertTrue(Assert.java:52)
at testCases.TC_002_Login.test_login(TC_002_Login.java:45)
at java.util.ArrayList.forEach(ArrayList.java:1259)
... Removed 27 stack frames]]>
    </failure>
  </testcase> <!-- test_login -->
</testsuite> <!-- PracticeProjectJan Test(failed) -->
